DROP EXTENSION bitemp_retrieval;
CREATE EXTENSION bitemp_retrieval;
SET DATESTYLE TO 'ISO';
SET TIMEZONE TO 'Asia/Jakarta';
SELECT * FROM bitemporal_internal.ll_create_bitemporal_table(
    'public',
    'empl',
	$$n text not null, 
        cid int,
        d text not null,
        p text not null,
        h int not null,
        s int not null
	$$,
   'cid');
 ll_create_bitemporal_table 
----------------------------
 t
(1 row)

-- r1
SELECT * FROM bitemporal_internal.ll_bitemporal_insert(
    'public.empl',
    $$n, cid, d, p, h, s$$,
    $$'Jan', 140, 'DB', 'P1', 2400, 1200$$,
    temporal_relationships.timeperiod('1970-01-01'::timestamptz, '1970-01-16'::timestamptz), --effective
    temporal_relationships.timeperiod(now(), 'infinity') --asserted
);
 ll_bitemporal_insert 
----------------------
                    1
(1 row)

-- r2
SELECT * FROM bitemporal_internal.ll_bitemporal_insert(
    'public.empl',
    $$n, cid, d, p, h, s$$,
    $$'Jan', 163, 'DB', 'P1', 600, 1500$$,
    temporal_relationships.timeperiod('1970-01-19'::timestamptz, '1970-01-22'::timestamptz), --effective
    temporal_relationships.timeperiod(now(), 'infinity') --asserted
);
 ll_bitemporal_insert 
----------------------
                    1
(1 row)

-- r3
SELECT * FROM bitemporal_internal.ll_bitemporal_insert(
    'public.empl',
    $$n, cid, d, p, h, s$$,
    $$'Ann', 141, 'DB', 'P2', 500, 700$$,
    temporal_relationships.timeperiod('1970-01-01'::timestamptz, '1970-01-06'::timestamptz), --effective
    temporal_relationships.timeperiod(now(), 'infinity') --asserted
);
 ll_bitemporal_insert 
----------------------
                    1
(1 row)

-- r4
SELECT * FROM bitemporal_internal.ll_bitemporal_insert(
    'public.empl',
    $$n, cid, d, p, h, s$$,
    $$'Ann', 150, 'DB', 'P1', 1000, 800$$,
    temporal_relationships.timeperiod('1970-01-06'::timestamptz, '1970-01-16'::timestamptz), --effective
    temporal_relationships.timeperiod(now(), 'infinity') --asserted
);
 ll_bitemporal_insert 
----------------------
                    1
(1 row)

-- r5
SELECT * FROM bitemporal_internal.ll_bitemporal_insert(
    'public.empl',
    $$n, cid, d, p, h, s$$,
    $$'Ann', 157, 'DB', 'P1', 600, 500$$,
    temporal_relationships.timeperiod('1970-01-13'::timestamptz, '1970-01-25'::timestamptz), --effective
    temporal_relationships.timeperiod(now(), 'infinity') --asserted
);
 ll_bitemporal_insert 
----------------------
                    1
(1 row)

-- r6
SELECT * FROM bitemporal_internal.ll_bitemporal_insert(
    'public.empl',
    $$n, cid, d, p, h, s$$,
    $$'Sue', 142, 'DB', 'P2', 400, 800$$,
    temporal_relationships.timeperiod('1970-01-01'::timestamptz, '1970-01-11'::timestamptz), --effective
    temporal_relationships.timeperiod(now(), 'infinity') --asserted
);
 ll_bitemporal_insert 
----------------------
                    1
(1 row)

-- r7
SELECT * FROM bitemporal_internal.ll_bitemporal_insert(
    'public.empl',
    $$n, cid, d, p, h, s$$,
    $$'Tom', 143, 'AI', 'P2', 1200, 2000$$,
    temporal_relationships.timeperiod('1970-01-04'::timestamptz, '1970-01-11'::timestamptz), --effective
    temporal_relationships.timeperiod(now(), 'infinity') --asserted
);
 ll_bitemporal_insert 
----------------------
                    1
(1 row)

-- r8
SELECT * FROM bitemporal_internal.ll_bitemporal_insert(
    'public.empl',
    $$n, cid, d, p, h, s$$,
    $$'Tom', 153, 'AI', 'P1', 900, 1800$$,
    temporal_relationships.timeperiod('1970-01-13'::timestamptz, '1970-01-19'::timestamptz), --effective
    temporal_relationships.timeperiod(now(), 'infinity') --asserted
);
 ll_bitemporal_insert 
----------------------
                    1
(1 row)

SELECT n, cid, d, p, h, s, effective FROM empl WHERE now() <@ asserted ORDER BY LOWER(effective);
  n  | cid | d  | p  |  h   |  s   |                      effective                      
-----+-----+----+----+------+------+-----------------------------------------------------
 Sue | 142 | DB | P2 |  400 |  800 | ["1970-01-01 00:00:00+07","1970-01-11 00:00:00+07")
 Ann | 141 | DB | P2 |  500 |  700 | ["1970-01-01 00:00:00+07","1970-01-06 00:00:00+07")
 Jan | 140 | DB | P1 | 2400 | 1200 | ["1970-01-01 00:00:00+07","1970-01-16 00:00:00+07")
 Tom | 143 | AI | P2 | 1200 | 2000 | ["1970-01-04 00:00:00+07","1970-01-11 00:00:00+07")
 Ann | 150 | DB | P1 | 1000 |  800 | ["1970-01-06 00:00:00+07","1970-01-16 00:00:00+07")
 Tom | 153 | AI | P1 |  900 | 1800 | ["1970-01-13 00:00:00+07","1970-01-19 00:00:00+07")
 Ann | 157 | DB | P1 |  600 |  500 | ["1970-01-13 00:00:00+07","1970-01-25 00:00:00+07")
 Jan | 163 | DB | P1 |  600 | 1500 | ["1970-01-19 00:00:00+07","1970-01-22 00:00:00+07")
(8 rows)

SELECT * FROM ita_now(
    'public',
    'empl',
    ARRAY['d'],
    ARRAY['avg', 'sum', 'max', 'min', 'count'],
    ARRAY['h', 'h', 'h', 'h', 'h'],
    ARRAY['avg_h', 'sum_h', 'max_h', 'min_h', 'count_h']
) AS (
    d text,
    avg_h numeric,
    sum_h numeric,
    max_h numeric,
    min_h numeric,
    count_h numeric,
    effective tstzrange
) ORDER BY d DESC, lower(effective);
 d  |      avg_h       | sum_h | max_h | min_h | count_h |                      effective                      
----+------------------+-------+-------+-------+---------+-----------------------------------------------------
 DB |             1100 |  3300 |  2400 |   400 |       3 | ["1970-01-01 00:00:00+07","1970-01-06 00:00:00+07")
 DB | 1266.66666666667 |  3800 |  2400 |   400 |       3 | ["1970-01-06 00:00:00+07","1970-01-11 00:00:00+07")
 DB |             1700 |  3400 |  2400 |  1000 |       2 | ["1970-01-11 00:00:00+07","1970-01-13 00:00:00+07")
 DB | 1333.33333333333 |  4000 |  2400 |   600 |       3 | ["1970-01-13 00:00:00+07","1970-01-16 00:00:00+07")
 DB |              600 |   600 |   600 |   600 |       1 | ["1970-01-16 00:00:00+07","1970-01-19 00:00:00+07")
 DB |              600 |  1200 |   600 |   600 |       2 | ["1970-01-19 00:00:00+07","1970-01-22 00:00:00+07")
 DB |              600 |   600 |   600 |   600 |       1 | ["1970-01-22 00:00:00+07","1970-01-25 00:00:00+07")
 AI |             1200 |  1200 |  1200 |  1200 |       1 | ["1970-01-04 00:00:00+07","1970-01-11 00:00:00+07")
 AI |              900 |   900 |   900 |   900 |       1 | ["1970-01-13 00:00:00+07","1970-01-19 00:00:00+07")
(9 rows)

SELECT * FROM mwta_now(
    'public',
    'empl',
    ARRAY['d'],
    ARRAY['avg', 'sum', 'max', 'min', 'count'],
    ARRAY['h', 'h', 'h', 'h', 'h'],
    ARRAY['avg_h', 'sum_h', 'max_h', 'min_h', 'count_h'],
    '3 days'::interval
) AS (
    d text,
    avg_h numeric,
    sum_h numeric,
    max_h numeric,
    min_h numeric,
    count_h numeric,
    effective tstzrange
) ORDER BY d DESC, lower(effective);
 d  |      avg_h       | sum_h | max_h | min_h | count_h |                      effective                      
----+------------------+-------+-------+-------+---------+-----------------------------------------------------
 DB |             1100 |  3300 |  2400 |   400 |       3 | ["1970-01-01 00:00:00+07","1970-01-06 00:00:00+07")
 DB |             1075 |  4300 |  2400 |   400 |       4 | ["1970-01-06 00:00:00+07","1970-01-09 00:00:00+07")
 DB | 1266.66666666667 |  3800 |  2400 |   400 |       3 | ["1970-01-09 00:00:00+07","1970-01-13 00:00:00+07")
 DB |             1100 |  4400 |  2400 |   400 |       4 | ["1970-01-13 00:00:00+07","1970-01-14 00:00:00+07")
 DB | 1333.33333333333 |  4000 |  2400 |   600 |       3 | ["1970-01-14 00:00:00+07","1970-01-19 00:00:00+07")
 DB |              600 |  1200 |   600 |   600 |       2 | ["1970-01-19 00:00:00+07","1970-01-25 00:00:00+07")
 DB |              600 |   600 |   600 |   600 |       1 | ["1970-01-25 00:00:00+07","1970-01-28 00:00:00+07")
 AI |             1200 |  1200 |  1200 |  1200 |       1 | ["1970-01-04 00:00:00+07","1970-01-13 00:00:00+07")
 AI |             1050 |  2100 |  1200 |   900 |       2 | ["1970-01-13 00:00:00+07","1970-01-14 00:00:00+07")
 AI |              900 |   900 |   900 |   900 |       1 | ["1970-01-14 00:00:00+07","1970-01-22 00:00:00+07")
(10 rows)

-- STA
SELECT * FROM sta_now(
    'public',
    'empl',
    ARRAY['d'],
    ARRAY['avg', 'sum', 'max', 'min', 'count'],
    ARRAY['h', 'h', 'h', 'h', 'h'],
    ARRAY['avg_h', 'sum_h', 'max_h', 'min_h', 'count_h'],
    '12 days'::interval
) AS (
    d text,
    avg_h numeric,
    sum_h numeric,
    max_h numeric,
    min_h numeric,
    count_h numeric,
    effective tstzrange
) ORDER BY d DESC, lower(effective);
 d  | avg_h | sum_h | max_h | min_h | count_h |                      effective                      
----+-------+-------+-------+-------+---------+-----------------------------------------------------
 DB |  1075 |  4300 |  2400 |   400 |       4 | ["1970-01-01 00:00:00+07","1970-01-13 00:00:00+07")
 DB |  1150 |  4600 |  2400 |   600 |       4 | ["1970-01-13 00:00:00+07","1970-01-25 00:00:00+07")
 DB |       |       |       |       |       0 | ["1970-01-25 00:00:00+07","1970-02-06 00:00:00+07")
 AI |  1200 |  1200 |  1200 |  1200 |       1 | ["1970-01-01 00:00:00+07","1970-01-13 00:00:00+07")
 AI |   900 |   900 |   900 |   900 |       1 | ["1970-01-13 00:00:00+07","1970-01-25 00:00:00+07")
 AI |       |       |       |       |       0 | ["1970-01-25 00:00:00+07","1970-02-06 00:00:00+07")
(6 rows)

SELECT * FROM bitemporal_internal.ll_register_temporal_attribute_property('public', 'empl', 'h', 'malleable');
 ll_register_temporal_attribute_property 
-----------------------------------------
                                       1
(1 row)

SELECT * FROM bitemporal_internal.temporal_attribute_properties;
 schema_name | table_name | attr_name | attr_property 
-------------+------------+-----------+---------------
 public      | empl       | h         | malleable
(1 row)

SELECT * FROM ita_now(
    'public',
    'empl',
    ARRAY['d'],
    ARRAY['avg', 'sum', 'max', 'min', 'count'],
    ARRAY['h', 'h', 'h', 'h', 'h'],
    ARRAY['avg_h', 'sum_h', 'max_h', 'min_h', 'count_h']
) AS (
    d text,
    avg_h numeric,
    sum_h numeric,
    max_h numeric,
    min_h numeric,
    count_h numeric,
    effective tstzrange
) ORDER BY d DESC, lower(effective);
 d  | avg_h | sum_h | max_h | min_h | count_h |                      effective                      
----+-------+-------+-------+-------+---------+-----------------------------------------------------
 DB |   500 |  1500 |   800 |   200 |       3 | ["1970-01-01 00:00:00+07","1970-01-06 00:00:00+07")
 DB |   500 |  1500 |   800 |   200 |       3 | ["1970-01-06 00:00:00+07","1970-01-11 00:00:00+07")
 DB |   260 |   520 |   320 |   200 |       2 | ["1970-01-11 00:00:00+07","1970-01-13 00:00:00+07")
 DB |   310 |   930 |   480 |   150 |       3 | ["1970-01-13 00:00:00+07","1970-01-16 00:00:00+07")
 DB |   150 |   150 |   150 |   150 |       1 | ["1970-01-16 00:00:00+07","1970-01-19 00:00:00+07")
 DB |   375 |   750 |   600 |   150 |       2 | ["1970-01-19 00:00:00+07","1970-01-22 00:00:00+07")
 DB |   150 |   150 |   150 |   150 |       1 | ["1970-01-22 00:00:00+07","1970-01-25 00:00:00+07")
 AI |  1200 |  1200 |  1200 |  1200 |       1 | ["1970-01-04 00:00:00+07","1970-01-11 00:00:00+07")
 AI |   900 |   900 |   900 |   900 |       1 | ["1970-01-13 00:00:00+07","1970-01-19 00:00:00+07")
(9 rows)

-- STA
SELECT * FROM sta_now(
    'public',
    'empl',
    ARRAY['d'],
    ARRAY['avg', 'sum', 'max', 'min', 'count'],
    ARRAY['h', 'h', 'h', 'h', 'h'],
    ARRAY['avg_h', 'sum_h', 'max_h', 'min_h', 'count_h'],
    '12 days'::interval
) AS (
    d text,
    avg_h numeric,
    sum_h numeric,
    max_h numeric,
    min_h numeric,
    count_h numeric,
    effective tstzrange
) ORDER BY d DESC, lower(effective);
 d  |      avg_h       |      sum_h       |      max_h       |      min_h       | count_h |                      effective                      
----+------------------+------------------+------------------+------------------+---------+-----------------------------------------------------
 DB |             1200 |             4800 |             1920 |              480 |       4 | ["1970-01-01 00:00:00+07","1970-01-13 00:00:00+07")
 DB |             1530 |             6120 |             2400 |              600 |       4 | ["1970-01-13 00:00:00+07","1970-01-25 00:00:00+07")
 DB |                  |                  |                  |                  |       0 | ["1970-01-25 00:00:00+07","1970-02-06 00:00:00+07")
 AI | 2057.14285714286 | 2057.14285714286 | 2057.14285714286 | 2057.14285714286 |       1 | ["1970-01-01 00:00:00+07","1970-01-13 00:00:00+07")
 AI |             1800 |             1800 |             1800 |             1800 |       1 | ["1970-01-13 00:00:00+07","1970-01-25 00:00:00+07")
 AI |                  |                  |                  |                  |       0 | ["1970-01-25 00:00:00+07","1970-02-06 00:00:00+07")
(6 rows)

DELETE FROM bitemporal_internal.temporal_attribute_properties WHERE attr_name = 'h';
SELECT * FROM bitemporal_internal.temporal_attribute_properties;
 schema_name | table_name | attr_name | attr_property 
-------------+------------+-----------+---------------
(0 rows)

SELECT * FROM bitemporal_internal.ll_register_temporal_attribute_property('public', 'empl', 'h', 'atomic');
 ll_register_temporal_attribute_property 
-----------------------------------------
                                       1
(1 row)

SELECT * FROM ita_now(
    'public',
    'empl',
    ARRAY['d'],
    ARRAY['avg', 'sum', 'max', 'min', 'count'],
    ARRAY['h', 'h', 'h', 'h', 'h'],
    ARRAY['avg_h', 'sum_h', 'max_h', 'min_h', 'count_h']
) AS (
    d text,
    avg_h numeric,
    sum_h numeric,
    max_h numeric,
    min_h numeric,
    count_h numeric,
    effective tstzrange
) ORDER BY d DESC, lower(effective);
 d  | avg_h | sum_h | max_h | min_h | count_h |                      effective                      
----+-------+-------+-------+-------+---------+-----------------------------------------------------
 DB |   500 |   500 |   500 |   500 |       1 | ["1970-01-01 00:00:00+07","1970-01-06 00:00:00+07")
 DB |   600 |   600 |   600 |   600 |       1 | ["1970-01-19 00:00:00+07","1970-01-22 00:00:00+07")
 AI |  1200 |  1200 |  1200 |  1200 |       1 | ["1970-01-04 00:00:00+07","1970-01-11 00:00:00+07")
 AI |   900 |   900 |   900 |   900 |       1 | ["1970-01-13 00:00:00+07","1970-01-19 00:00:00+07")
(4 rows)

-- STA
SELECT * FROM sta_now(
    'public',
    'empl',
    ARRAY['d'],
    ARRAY['avg', 'sum', 'max', 'min', 'count'],
    ARRAY['h', 'h', 'h', 'h', 'h'],
    ARRAY['avg_h', 'sum_h', 'max_h', 'min_h', 'count_h'],
    '12 days'::interval
) AS (
    d text,
    avg_h numeric,
    sum_h numeric,
    max_h numeric,
    min_h numeric,
    count_h numeric,
    effective tstzrange
) ORDER BY d DESC, lower(effective);
 d  | avg_h | sum_h | max_h | min_h | count_h |                      effective                      
----+-------+-------+-------+-------+---------+-----------------------------------------------------
 DB |       |       |       |       |       0 | ["1970-01-01 00:00:00+07","1970-01-13 00:00:00+07")
 DB |   600 |   600 |   600 |   600 |       1 | ["1970-01-13 00:00:00+07","1970-01-25 00:00:00+07")
 DB |       |       |       |       |       0 | ["1970-01-25 00:00:00+07","1970-02-06 00:00:00+07")
 AI |       |       |       |       |       0 | ["1970-01-01 00:00:00+07","1970-01-13 00:00:00+07")
 AI |       |       |       |       |       0 | ["1970-01-13 00:00:00+07","1970-01-25 00:00:00+07")
 AI |       |       |       |       |       0 | ["1970-01-25 00:00:00+07","1970-02-06 00:00:00+07")
(6 rows)

DROP TABLE public.empl;
